This file contains any messages produced by compilers while
running configure, to aid debugging if configure makes a mistake.

It was created by wizardpen configure 1.0.0, which was
generated by GNU Autoconf 2.61.  Invocation command line was

  $ ./configure -with-xorg-modules-dir=/usr/lib/xorg/modules

## --------- ##
## Platform. ##
## --------- ##

hostname = me-laptop
uname -m = i686
uname -r = 2.6.24-18-generic
uname -s = Linux
uname -v = #1 SMP Wed May 28 20:27:26 UTC 2008

/usr/bin/uname -p = unknown
/bin/uname -X     = unknown

/bin/arch              = unknown
/usr/bin/arch -k       = unknown
/usr/convex/getsysinfo = unknown
/usr/bin/hostinfo      = unknown
/bin/machine           = unknown
/usr/bin/oslevel       = unknown
/bin/universe          = unknown

PATH: /usr/local/sbin
PATH: /usr/local/bin
PATH: /usr/sbin
PATH: /usr/bin
PATH: /sbin
PATH: /bin
PATH: /usr/games


## ----------- ##
## Core tests. ##
## ----------- ##

configure:2013: checking for a BSD-compatible install
configure:2069: result: /usr/bin/install -c
configure:2080: checking whether build environment is sane
configure:2123: result: yes
configure:2151: checking for a thread-safe mkdir -p
configure:2190: result: /bin/mkdir -p
configure:2203: checking for gawk
configure:2233: result: no
configure:2203: checking for mawk
configure:2219: found /usr/bin/mawk
configure:2230: result: mawk
configure:2241: checking whether make sets $(MAKE)
configure:2262: result: yes
configure:2451: checking whether to enable maintainer-specific portions of Makefiles
configure:2460: result: no
configure:2560: checking build system type
configure:2578: result: i686-pc-linux-gnu
configure:2600: checking host system type
configure:2615: result: i686-pc-linux-gnu
configure:2649: checking for style of include used by make
configure:2677: result: GNU
configure:2747: checking for gcc
configure:2763: found /usr/bin/gcc
configure:2774: result: gcc
configure:3012: checking for C compiler version
configure:3019: gcc --version >&5
gcc (GCC) 4.2.3 (Ubuntu 4.2.3-2ubuntu7)
Copyright (C) 2007 Free Software Foundation, Inc.
This is free software; see the source for copying conditions.  There is NO
warranty; not even for MERCHANTABILITY or FITNESS FOR A PARTICULAR PURPOSE.

configure:3022: $? = 0
configure:3029: gcc -v >&5
Using built-in specs.
Target: i486-linux-gnu
Configured with: ../src/configure -v --enable-languages=c,c++,fortran,objc,obj-c++,treelang --prefix=/usr --enable-shared --with-system-zlib --libexecdir=/usr/lib --without-included-gettext --enable-threads=posix --enable-nls --with-gxx-include-dir=/usr/include/c++/4.2 --program-suffix=-4.2 --enable-clocale=gnu --enable-libstdcxx-debug --enable-objc-gc --enable-mpfr --enable-targets=all --enable-checking=release --build=i486-linux-gnu --host=i486-linux-gnu --target=i486-linux-gnu
Thread model: posix
gcc version 4.2.3 (Ubuntu 4.2.3-2ubuntu7)
configure:3032: $? = 0
configure:3039: gcc -V >&5
gcc: '-V' option must have argument
configure:3042: $? = 1
configure:3065: checking for C compiler default output file name
configure:3092: gcc    conftest.c  >&5
configure:3095: $? = 0
configure:3133: result: a.out
configure:3150: checking whether the C compiler works
configure:3160: ./a.out
configure:3163: $? = 0
configure:3180: result: yes
configure:3187: checking whether we are cross compiling
configure:3189: result: no
configure:3192: checking for suffix of executables
configure:3199: gcc -o conftest    conftest.c  >&5
configure:3202: $? = 0
configure:3226: result: 
configure:3232: checking for suffix of object files
configure:3258: gcc -c   conftest.c >&5
configure:3261: $? = 0
configure:3284: result: o
configure:3288: checking whether we are using the GNU C compiler
configure:3317: gcc -c   conftest.c >&5
configure:3323: $? = 0
configure:3340: result: yes
configure:3345: checking whether gcc accepts -g
configure:3375: gcc -c -g  conftest.c >&5
configure:3381: $? = 0
configure:3480: result: yes
configure:3497: checking for gcc option to accept ISO C89
configure:3571: gcc  -c -g -O2  conftest.c >&5
configure:3577: $? = 0
configure:3600: result: none needed
configure:3620: checking dependency style of gcc
configure:3711: result: gcc3
configure:3726: checking for a sed that does not truncate output
configure:3780: result: /bin/sed
configure:3783: checking for grep that handles long lines and -e
configure:3857: result: /bin/grep
configure:3862: checking for egrep
configure:3940: result: /bin/grep -E
configure:3956: checking for ld used by gcc
configure:4023: result: /usr/bin/ld
configure:4032: checking if the linker (/usr/bin/ld) is GNU ld
configure:4047: result: yes
configure:4052: checking for /usr/bin/ld option to reload object files
configure:4059: result: -r
configure:4077: checking for BSD-compatible nm
configure:4126: result: /usr/bin/nm -B
configure:4130: checking whether ln -s works
configure:4134: result: yes
configure:4141: checking how to recognise dependent libraries
configure:4317: result: pass_all
configure:4551: checking how to run the C preprocessor
configure:4591: gcc -E  conftest.c
configure:4597: $? = 0
configure:4628: gcc -E  conftest.c
conftest.c:10:28: error: ac_nonexistent.h: No such file or directory
configure:4634: $? = 1
configure: failed program was:
| /* confdefs.h.  */
| #define PACKAGE_NAME "wizardpen"
| #define PACKAGE_TARNAME "xf86-input-wizardpen"
| #define PACKAGE_VERSION "1.0.0"
| #define PACKAGE_STRING "wizardpen 1.0.0"
| #define PACKAGE_BUGREPORT "NULL"
| #define PACKAGE "xf86-input-wizardpen"
| #define VERSION "1.0.0"
| /* end confdefs.h.  */
| #include <ac_nonexistent.h>
configure:4667: result: gcc -E
configure:4696: gcc -E  conftest.c
configure:4702: $? = 0
configure:4733: gcc -E  conftest.c
conftest.c:10:28: error: ac_nonexistent.h: No such file or directory
configure:4739: $? = 1
configure: failed program was:
| /* confdefs.h.  */
| #define PACKAGE_NAME "wizardpen"
| #define PACKAGE_TARNAME "xf86-input-wizardpen"
| #define PACKAGE_VERSION "1.0.0"
| #define PACKAGE_STRING "wizardpen 1.0.0"
| #define PACKAGE_BUGREPORT "NULL"
| #define PACKAGE "xf86-input-wizardpen"
| #define VERSION "1.0.0"
| /* end confdefs.h.  */
| #include <ac_nonexistent.h>
configure:4777: checking for ANSI C header files
configure:4807: gcc -c -g -O2  conftest.c >&5
configure:4813: $? = 0
configure:4912: gcc -o conftest -g -O2   conftest.c  >&5
configure:4915: $? = 0
configure:4921: ./conftest
configure:4924: $? = 0
configure:4941: result: yes
configure:4965: checking for sys/types.h
configure:4986: gcc -c -g -O2  conftest.c >&5
configure:4992: $? = 0
configure:5008: result: yes
configure:4965: checking for sys/stat.h
configure:4986: gcc -c -g -O2  conftest.c >&5
configure:4992: $? = 0
configure:5008: result: yes
configure:4965: checking for stdlib.h
configure:4986: gcc -c -g -O2  conftest.c >&5
configure:4992: $? = 0
configure:5008: result: yes
configure:4965: checking for string.h
configure:4986: gcc -c -g -O2  conftest.c >&5
configure:4992: $? = 0
configure:5008: result: yes
configure:4965: checking for memory.h
configure:4986: gcc -c -g -O2  conftest.c >&5
configure:4992: $? = 0
configure:5008: result: yes
configure:4965: checking for strings.h
configure:4986: gcc -c -g -O2  conftest.c >&5
configure:4992: $? = 0
configure:5008: result: yes
configure:4965: checking for inttypes.h
configure:4986: gcc -c -g -O2  conftest.c >&5
configure:4992: $? = 0
configure:5008: result: yes
configure:4965: checking for stdint.h
configure:4986: gcc -c -g -O2  conftest.c >&5
configure:4992: $? = 0
configure:5008: result: yes
configure:4965: checking for unistd.h
configure:4986: gcc -c -g -O2  conftest.c >&5
configure:4992: $? = 0
configure:5008: result: yes
configure:5035: checking dlfcn.h usability
configure:5052: gcc -c -g -O2  conftest.c >&5
configure:5058: $? = 0
configure:5072: result: yes
configure:5076: checking dlfcn.h presence
configure:5091: gcc -E  conftest.c
configure:5097: $? = 0
configure:5111: result: yes
configure:5144: checking for dlfcn.h
configure:5152: result: yes
configure:5223: checking for g++
configure:5239: found /usr/bin/g++
configure:5250: result: g++
configure:5281: checking for C++ compiler version
configure:5288: g++ --version >&5
g++ (GCC) 4.2.3 (Ubuntu 4.2.3-2ubuntu7)
Copyright (C) 2007 Free Software Foundation, Inc.
This is free software; see the source for copying conditions.  There is NO
warranty; not even for MERCHANTABILITY or FITNESS FOR A PARTICULAR PURPOSE.

configure:5291: $? = 0
configure:5298: g++ -v >&5
Using built-in specs.
Target: i486-linux-gnu
Configured with: ../src/configure -v --enable-languages=c,c++,fortran,objc,obj-c++,treelang --prefix=/usr --enable-shared --with-system-zlib --libexecdir=/usr/lib --without-included-gettext --enable-threads=posix --enable-nls --with-gxx-include-dir=/usr/include/c++/4.2 --program-suffix=-4.2 --enable-clocale=gnu --enable-libstdcxx-debug --enable-objc-gc --enable-mpfr --enable-targets=all --enable-checking=release --build=i486-linux-gnu --host=i486-linux-gnu --target=i486-linux-gnu
Thread model: posix
gcc version 4.2.3 (Ubuntu 4.2.3-2ubuntu7)
configure:5301: $? = 0
configure:5308: g++ -V >&5
g++: '-V' option must have argument
configure:5311: $? = 1
configure:5314: checking whether we are using the GNU C++ compiler
configure:5343: g++ -c   conftest.cpp >&5
configure:5349: $? = 0
configure:5366: result: yes
configure:5371: checking whether g++ accepts -g
configure:5401: g++ -c -g  conftest.cpp >&5
configure:5407: $? = 0
configure:5506: result: yes
configure:5531: checking dependency style of g++
configure:5622: result: gcc3
configure:5647: checking how to run the C++ preprocessor
configure:5683: g++ -E  conftest.cpp
configure:5689: $? = 0
configure:5720: g++ -E  conftest.cpp
conftest.cpp:21:28: error: ac_nonexistent.h: No such file or directory
configure:5726: $? = 1
configure: failed program was:
| /* confdefs.h.  */
| #define PACKAGE_NAME "wizardpen"
| #define PACKAGE_TARNAME "xf86-input-wizardpen"
| #define PACKAGE_VERSION "1.0.0"
| #define PACKAGE_STRING "wizardpen 1.0.0"
| #define PACKAGE_BUGREPORT "NULL"
| #define PACKAGE "xf86-input-wizardpen"
| #define VERSION "1.0.0"
| #define STDC_HEADERS 1
| #define HAVE_SYS_TYPES_H 1
| #define HAVE_SYS_STAT_H 1
| #define HAVE_STDLIB_H 1
| #define HAVE_STRING_H 1
| #define HAVE_MEMORY_H 1
| #define HAVE_STRINGS_H 1
| #define HAVE_INTTYPES_H 1
| #define HAVE_STDINT_H 1
| #define HAVE_UNISTD_H 1
| #define HAVE_DLFCN_H 1
| /* end confdefs.h.  */
| #include <ac_nonexistent.h>
configure:5759: result: g++ -E
configure:5788: g++ -E  conftest.cpp
configure:5794: $? = 0
configure:5825: g++ -E  conftest.cpp
conftest.cpp:21:28: error: ac_nonexistent.h: No such file or directory
configure:5831: $? = 1
configure: failed program was:
| /* confdefs.h.  */
| #define PACKAGE_NAME "wizardpen"
| #define PACKAGE_TARNAME "xf86-input-wizardpen"
| #define PACKAGE_VERSION "1.0.0"
| #define PACKAGE_STRING "wizardpen 1.0.0"
| #define PACKAGE_BUGREPORT "NULL"
| #define PACKAGE "xf86-input-wizardpen"
| #define VERSION "1.0.0"
| #define STDC_HEADERS 1
| #define HAVE_SYS_TYPES_H 1
| #define HAVE_SYS_STAT_H 1
| #define HAVE_STDLIB_H 1
| #define HAVE_STRING_H 1
| #define HAVE_MEMORY_H 1
| #define HAVE_STRINGS_H 1
| #define HAVE_INTTYPES_H 1
| #define HAVE_STDINT_H 1
| #define HAVE_UNISTD_H 1
| #define HAVE_DLFCN_H 1
| /* end confdefs.h.  */
| #include <ac_nonexistent.h>
configure:5924: checking for g77
configure:5954: result: no
configure:5924: checking for xlf
configure:5954: result: no
configure:5924: checking for f77
configure:5954: result: no
configure:5924: checking for frt
configure:5954: result: no
configure:5924: checking for pgf77
configure:5954: result: no
configure:5924: checking for cf77
configure:5954: result: no
configure:5924: checking for fort77
configure:5954: result: no
configure:5924: checking for fl32
configure:5954: result: no
configure:5924: checking for af77
configure:5954: result: no
configure:5924: checking for xlf90
configure:5954: result: no
configure:5924: checking for f90
configure:5954: result: no
configure:5924: checking for pgf90
configure:5954: result: no
configure:5924: checking for pghpf
configure:5954: result: no
configure:5924: checking for epcf90
configure:5954: result: no
configure:5924: checking for gfortran
configure:5954: result: no
configure:5924: checking for g95
configure:5954: result: no
configure:5924: checking for xlf95
configure:5954: result: no
configure:5924: checking for f95
configure:5954: result: no
configure:5924: checking for fort
configure:5954: result: no
configure:5924: checking for ifort
configure:5954: result: no
configure:5924: checking for ifc
configure:5954: result: no
configure:5924: checking for efc
configure:5954: result: no
configure:5924: checking for pgf95
configure:5954: result: no
configure:5924: checking for lf95
configure:5954: result: no
configure:5924: checking for ftn
configure:5954: result: no
configure:5981: checking for Fortran 77 compiler version
configure:5988:  --version >&5
./configure: line 5989: --version: command not found
configure:5991: $? = 127
configure:5998:  -v >&5
./configure: line 5999: -v: command not found
configure:6001: $? = 127
configure:6008:  -V >&5
./configure: line 6009: -V: command not found
configure:6011: $? = 127
configure:6019: checking whether we are using the GNU Fortran 77 compiler
configure:6038:  -c  conftest.F >&5
./configure: line 6039: -c: command not found
configure:6044: $? = 127
configure: failed program was:
|       program main
| #ifndef __GNUC__
|        choke me
| #endif
| 
|       end
configure:6061: result: no
configure:6067: checking whether  accepts -g
configure:6084:  -c -g conftest.f >&5
./configure: line 6085: -c: command not found
configure:6090: $? = 127
configure: failed program was:
|       program main
| 
|       end
configure:6106: result: no
configure:6136: checking the maximum length of command line arguments
configure:6245: result: 32768
configure:6256: checking command to parse /usr/bin/nm -B output from gcc object
configure:6361: gcc -c -g -O2  conftest.c >&5
configure:6364: $? = 0
configure:6368: /usr/bin/nm -B conftest.o \| sed -n -e 's/^.*[ 	]\([ABCDGIRSTW][ABCDGIRSTW]*\)[ 	][ 	]*\([_A-Za-z][_A-Za-z0-9]*\)$/\1 \2 \2/p' \> conftest.nm
configure:6371: $? = 0
configure:6423: gcc -o conftest -g -O2   conftest.c conftstm.o >&5
configure:6426: $? = 0
configure:6464: result: ok
configure:6468: checking for objdir
configure:6483: result: .libs
configure:6575: checking for ar
configure:6591: found /usr/bin/ar
configure:6602: result: ar
configure:6671: checking for ranlib
configure:6687: found /usr/bin/ranlib
configure:6698: result: ranlib
configure:6767: checking for strip
configure:6783: found /usr/bin/strip
configure:6794: result: strip
configure:7080: checking if gcc supports -fno-rtti -fno-exceptions
configure:7098: gcc -c -g -O2  -fno-rtti -fno-exceptions conftest.c >&5
cc1: warning: command line option "-fno-rtti" is valid for C++/ObjC++ but not for C
configure:7102: $? = 0
configure:7115: result: no
configure:7130: checking for gcc option to produce PIC
configure:7340: result: -fPIC
configure:7348: checking if gcc PIC flag -fPIC works
configure:7366: gcc -c -g -O2  -fPIC -DPIC conftest.c >&5
configure:7370: $? = 0
configure:7383: result: yes
configure:7411: checking if gcc static flag -static works
configure:7439: result: yes
configure:7449: checking if gcc supports -c -o file.o
configure:7470: gcc -c -g -O2  -o out/conftest2.o conftest.c >&5
configure:7474: $? = 0
configure:7496: result: yes
configure:7522: checking whether the gcc linker (/usr/bin/ld) supports shared libraries
configure:8477: result: yes
configure:8498: checking whether -lc should be explicitly linked in
configure:8503: gcc -c -g -O2  conftest.c >&5
configure:8506: $? = 0
configure:8521: gcc -shared conftest.o  -v -Wl,-soname -Wl,conftest -o conftest 2\>\&1 \| grep  -lc  \>/dev/null 2\>\&1
configure:8524: $? = 0
configure:8536: result: no
configure:8544: checking dynamic linker characteristics
configure:9120: result: GNU/Linux ld.so
configure:9129: checking how to hardcode library paths into programs
configure:9154: result: immediate
configure:9168: checking whether stripping libraries is possible
configure:9173: result: yes
configure:9974: checking if libtool supports shared libraries
configure:9976: result: yes
configure:9979: checking whether to build shared libraries
configure:10000: result: yes
configure:10003: checking whether to build static libraries
configure:10007: result: no
configure:10099: creating libtool
configure:10687: checking for ld used by g++
configure:10754: result: /usr/bin/ld
configure:10763: checking if the linker (/usr/bin/ld) is GNU ld
configure:10778: result: yes
configure:10829: checking whether the g++ linker (/usr/bin/ld) supports shared libraries
configure:11763: result: yes
configure:11781: g++ -c -g -O2  conftest.cpp >&5
configure:11784: $? = 0
configure:11903: checking for g++ option to produce PIC
configure:12177: result: -fPIC
configure:12185: checking if g++ PIC flag -fPIC works
configure:12203: g++ -c -g -O2  -fPIC -DPIC conftest.cpp >&5
configure:12207: $? = 0
configure:12220: result: yes
configure:12248: checking if g++ static flag -static works
configure:12276: result: yes
configure:12286: checking if g++ supports -c -o file.o
configure:12307: g++ -c -g -O2  -o out/conftest2.o conftest.cpp >&5
configure:12311: $? = 0
configure:12333: result: yes
configure:12359: checking whether the g++ linker (/usr/bin/ld) supports shared libraries
configure:12387: result: yes
configure:12454: checking dynamic linker characteristics
configure:13030: result: GNU/Linux ld.so
configure:13039: checking how to hardcode library paths into programs
configure:13064: result: immediate
configure:19230: checking for gcc
configure:19257: result: gcc
configure:19495: checking for C compiler version
configure:19502: gcc --version >&5
gcc (GCC) 4.2.3 (Ubuntu 4.2.3-2ubuntu7)
Copyright (C) 2007 Free Software Foundation, Inc.
This is free software; see the source for copying conditions.  There is NO
warranty; not even for MERCHANTABILITY or FITNESS FOR A PARTICULAR PURPOSE.

configure:19505: $? = 0
configure:19512: gcc -v >&5
Using built-in specs.
Target: i486-linux-gnu
Configured with: ../src/configure -v --enable-languages=c,c++,fortran,objc,obj-c++,treelang --prefix=/usr --enable-shared --with-system-zlib --libexecdir=/usr/lib --without-included-gettext --enable-threads=posix --enable-nls --with-gxx-include-dir=/usr/include/c++/4.2 --program-suffix=-4.2 --enable-clocale=gnu --enable-libstdcxx-debug --enable-objc-gc --enable-mpfr --enable-targets=all --enable-checking=release --build=i486-linux-gnu --host=i486-linux-gnu --target=i486-linux-gnu
Thread model: posix
gcc version 4.2.3 (Ubuntu 4.2.3-2ubuntu7)
configure:19515: $? = 0
configure:19522: gcc -V >&5
gcc: '-V' option must have argument
configure:19525: $? = 1
configure:19528: checking whether we are using the GNU C compiler
configure:19580: result: yes
configure:19585: checking whether gcc accepts -g
configure:19720: result: yes
configure:19737: checking for gcc option to accept ISO C89
configure:19840: result: none needed
configure:19860: checking dependency style of gcc
configure:19951: result: gcc3
configure:20029: gcc -c -g -O2 -I/usr/include/xorg  conftest.c >&5
configure:20035: $? = 0
configure:20050: checking if RANDR is defined
configure:20052: result: yes
configure:20087: gcc -c -g -O2 -I/usr/include/xorg  conftest.c >&5
configure:20093: $? = 0
configure:20108: checking if XINPUT is defined
configure:20110: result: yes
configure:20167: checking for pkg-config
configure:20185: found /usr/bin/pkg-config
configure:20197: result: /usr/bin/pkg-config
configure:20226: checking pkg-config is at least version 0.9.0
configure:20229: result: yes
configure:20240: checking for XORG
configure:20248: $PKG_CONFIG --exists --print-errors "xorg-server >= 1.0.99.901 xproto $REQUIRED_MODULES"
configure:20251: $? = 0
configure:20266: $PKG_CONFIG --exists --print-errors "xorg-server >= 1.0.99.901 xproto $REQUIRED_MODULES"
configure:20269: $? = 0
configure:20345: result: yes
configure:20357: checking for ANSI C header files
configure:20521: result: yes
configure:20541: checking linux/input.h usability
configure:20558: gcc -c -g -O2 -I/usr/include/xorg -I/usr/include/pixman-1    -I$(top_srcdir)/src  conftest.c >&5
configure:20564: $? = 0
configure:20578: result: yes
configure:20582: checking linux/input.h presence
configure:20597: gcc -E  conftest.c
configure:20603: $? = 0
configure:20617: result: yes
configure:20650: checking for linux/input.h
configure:20657: result: yes
configure:20681: checking sysfs/libsysfs.h usability
configure:20698: gcc -c -g -O2 -I/usr/include/xorg -I/usr/include/pixman-1    -I$(top_srcdir)/src  conftest.c >&5
configure:20704: $? = 0
configure:20718: result: yes
configure:20722: checking sysfs/libsysfs.h presence
configure:20737: gcc -E  conftest.c
configure:20743: $? = 0
configure:20757: result: yes
configure:20790: checking for sysfs/libsysfs.h
configure:20797: result: yes
configure:21060: creating ./config.status

## ---------------------- ##
## Running config.status. ##
## ---------------------- ##

This file was extended by wizardpen config.status 1.0.0, which was
generated by GNU Autoconf 2.61.  Invocation command line was

  CONFIG_FILES    = 
  CONFIG_HEADERS  = 
  CONFIG_LINKS    = 
  CONFIG_COMMANDS = 
  $ ./config.status 

on me-laptop

config.status:683: creating Makefile
config.status:683: creating src/Makefile
config.status:683: creating man/Makefile
config.status:683: creating config.h
config.status:916: config.h is unchanged
config.status:962: executing depfiles commands

## ---------------- ##
## Cache variables. ##
## ---------------- ##

ac_cv_build=i686-pc-linux-gnu
ac_cv_c_compiler_gnu=yes
ac_cv_cxx_compiler_gnu=yes
ac_cv_env_CCC_set=
ac_cv_env_CCC_value=
ac_cv_env_CC_set=
ac_cv_env_CC_value=
ac_cv_env_CFLAGS_set=
ac_cv_env_CFLAGS_value=
ac_cv_env_CPPFLAGS_set=
ac_cv_env_CPPFLAGS_value=
ac_cv_env_CPP_set=
ac_cv_env_CPP_value=
ac_cv_env_CXXCPP_set=
ac_cv_env_CXXCPP_value=
ac_cv_env_CXXFLAGS_set=
ac_cv_env_CXXFLAGS_value=
ac_cv_env_CXX_set=
ac_cv_env_CXX_value=
ac_cv_env_F77_set=
ac_cv_env_F77_value=
ac_cv_env_FFLAGS_set=
ac_cv_env_FFLAGS_value=
ac_cv_env_LDFLAGS_set=
ac_cv_env_LDFLAGS_value=
ac_cv_env_LIBS_set=
ac_cv_env_LIBS_value=
ac_cv_env_PKG_CONFIG_set=
ac_cv_env_PKG_CONFIG_value=
ac_cv_env_XORG_CFLAGS_set=
ac_cv_env_XORG_CFLAGS_value=
ac_cv_env_XORG_LIBS_set=
ac_cv_env_XORG_LIBS_value=
ac_cv_env_build_alias_set=
ac_cv_env_build_alias_value=
ac_cv_env_host_alias_set=
ac_cv_env_host_alias_value=
ac_cv_env_target_alias_set=
ac_cv_env_target_alias_value=
ac_cv_f77_compiler_gnu=no
ac_cv_header_dlfcn_h=yes
ac_cv_header_inttypes_h=yes
ac_cv_header_linux_input_h=yes
ac_cv_header_memory_h=yes
ac_cv_header_stdc=yes
ac_cv_header_stdint_h=yes
ac_cv_header_stdlib_h=yes
ac_cv_header_string_h=yes
ac_cv_header_strings_h=yes
ac_cv_header_sys_stat_h=yes
ac_cv_header_sys_types_h=yes
ac_cv_header_sysfs_libsysfs_h=yes
ac_cv_header_unistd_h=yes
ac_cv_host=i686-pc-linux-gnu
ac_cv_objext=o
ac_cv_path_EGREP='/bin/grep -E'
ac_cv_path_GREP=/bin/grep
ac_cv_path_ac_pt_PKG_CONFIG=/usr/bin/pkg-config
ac_cv_path_install='/usr/bin/install -c'
ac_cv_path_mkdir=/bin/mkdir
ac_cv_prog_AWK=mawk
ac_cv_prog_CPP='gcc -E'
ac_cv_prog_CXXCPP='g++ -E'
ac_cv_prog_ac_ct_AR=ar
ac_cv_prog_ac_ct_CC=gcc
ac_cv_prog_ac_ct_CXX=g++
ac_cv_prog_ac_ct_RANLIB=ranlib
ac_cv_prog_ac_ct_STRIP=strip
ac_cv_prog_cc_c89=
ac_cv_prog_cc_g=yes
ac_cv_prog_cxx_g=yes
ac_cv_prog_f77_g=no
ac_cv_prog_make_make_set=yes
am_cv_CC_dependencies_compiler_type=gcc3
am_cv_CXX_dependencies_compiler_type=gcc3
lt_cv_deplibs_check_method=pass_all
lt_cv_file_magic_cmd='$MAGIC_CMD'
lt_cv_file_magic_test_file=
lt_cv_ld_reload_flag=-r
lt_cv_objdir=.libs
lt_cv_path_LD=/usr/bin/ld
lt_cv_path_LDCXX=/usr/bin/ld
lt_cv_path_NM='/usr/bin/nm -B'
lt_cv_path_SED=/bin/sed
lt_cv_prog_compiler_c_o=yes
lt_cv_prog_compiler_c_o_CXX=yes
lt_cv_prog_compiler_rtti_exceptions=no
lt_cv_prog_gnu_ld=yes
lt_cv_prog_gnu_ldcxx=yes
lt_cv_sys_global_symbol_pipe='sed -n -e '\''s/^.*[ 	]\([ABCDGIRSTW][ABCDGIRSTW]*\)[ 	][ 	]*\([_A-Za-z][_A-Za-z0-9]*\)$/\1 \2 \2/p'\'''
lt_cv_sys_global_symbol_to_c_name_address='sed -n -e '\''s/^: \([^ ]*\) $/  {\"\1\", (lt_ptr) 0},/p'\'' -e '\''s/^[BCDEGRST] \([^ ]*\) \([^ ]*\)$/  {"\2", (lt_ptr) \&\2},/p'\'''
lt_cv_sys_global_symbol_to_cdecl='sed -n -e '\''s/^. .* \(.*\)$/extern int \1;/p'\'''
lt_cv_sys_max_cmd_len=32768
lt_lt_cv_prog_compiler_c_o='"yes"'
lt_lt_cv_prog_compiler_c_o_CXX='"yes"'
lt_lt_cv_sys_global_symbol_pipe='"sed -n -e '\''s/^.*[ 	]\\([ABCDGIRSTW][ABCDGIRSTW]*\\)[ 	][ 	]*\\([_A-Za-z][_A-Za-z0-9]*\\)\$/\\1 \\2 \\2/p'\''"'
lt_lt_cv_sys_global_symbol_to_c_name_address='"sed -n -e '\''s/^: \\([^ ]*\\) \$/  {\\\"\\1\\\", (lt_ptr) 0},/p'\'' -e '\''s/^[BCDEGRST] \\([^ ]*\\) \\([^ ]*\\)\$/  {\"\\2\", (lt_ptr) \\&\\2},/p'\''"'
lt_lt_cv_sys_global_symbol_to_cdecl='"sed -n -e '\''s/^. .* \\(.*\\)\$/extern int \\1;/p'\''"'
pkg_cv_XORG_CFLAGS='-I/usr/include/xorg -I/usr/include/pixman-1  '
pkg_cv_XORG_LIBS=' '

## ----------------- ##
## Output variables. ##
## ----------------- ##

ACLOCAL='${SHELL} /home/me/wizardpen-0.6.1rc2/missing --run aclocal-1.10'
ADMIN_MAN_DIR='$(mandir)/man$(ADMIN_MAN_SUFFIX)'
ADMIN_MAN_SUFFIX='8'
AMDEPBACKSLASH='\'
AMDEP_FALSE='#'
AMDEP_TRUE=''
AMTAR='${SHELL} /home/me/wizardpen-0.6.1rc2/missing --run tar'
APP_MAN_DIR='$(mandir)/man$(APP_MAN_SUFFIX)'
APP_MAN_SUFFIX='1'
AR='ar'
AUTOCONF='${SHELL} /home/me/wizardpen-0.6.1rc2/missing --run autoconf'
AUTOHEADER='${SHELL} /home/me/wizardpen-0.6.1rc2/missing --run autoheader'
AUTOMAKE='${SHELL} /home/me/wizardpen-0.6.1rc2/missing --run automake-1.10'
AWK='mawk'
CC='gcc'
CCDEPMODE='depmode=gcc3'
CFLAGS='-g -O2 -I/usr/include/xorg -I/usr/include/pixman-1    -I$(top_srcdir)/src'
CPP='gcc -E'
CPPFLAGS=''
CXX='g++'
CXXCPP='g++ -E'
CXXDEPMODE='depmode=gcc3'
CXXFLAGS='-g -O2'
CYGPATH_W='echo'
DEFS='-DHAVE_CONFIG_H'
DEPDIR='.deps'
DRIVER_MAN_DIR='$(mandir)/man$(DRIVER_MAN_SUFFIX)'
DRIVER_MAN_SUFFIX='4'
DRIVER_NAME='wizardpen'
ECHO='echo'
ECHO_C=''
ECHO_N='-n'
ECHO_T=''
EGREP='/bin/grep -E'
EXEEXT=''
F77=''
FFLAGS=''
FILE_MAN_DIR='$(mandir)/man$(FILE_MAN_SUFFIX)'
FILE_MAN_SUFFIX='5'
GREP='/bin/grep'
INSTALL_DATA='${INSTALL} -m 644'
INSTALL_PROGRAM='${INSTALL}'
INSTALL_SCRIPT='${INSTALL}'
INSTALL_STRIP_PROGRAM='$(install_sh) -c -s'
LDFLAGS=''
LIBOBJS=''
LIBS=''
LIBTOOL='$(SHELL) $(top_builddir)/libtool'
LIB_MAN_DIR='$(mandir)/man$(LIB_MAN_SUFFIX)'
LIB_MAN_SUFFIX='3'
LN_S='ln -s'
LTLIBOBJS=''
MAINT='#'
MAINTAINER_MODE_FALSE=''
MAINTAINER_MODE_TRUE='#'
MAKEINFO='${SHELL} /home/me/wizardpen-0.6.1rc2/missing --run makeinfo'
MISC_MAN_DIR='$(mandir)/man$(MISC_MAN_SUFFIX)'
MISC_MAN_SUFFIX='7'
OBJEXT='o'
PACKAGE='xf86-input-wizardpen'
PACKAGE_BUGREPORT='NULL'
PACKAGE_NAME='wizardpen'
PACKAGE_STRING='wizardpen 1.0.0'
PACKAGE_TARNAME='xf86-input-wizardpen'
PACKAGE_VERSION='1.0.0'
PATH_SEPARATOR=':'
PKG_CONFIG='/usr/bin/pkg-config'
RANLIB='ranlib'
SET_MAKE=''
SHELL='/bin/bash'
STRIP='strip'
VERSION='1.0.0'
XORG_CFLAGS='-I/usr/include/xorg -I/usr/include/pixman-1  '
XORG_LIBS=' '
ac_ct_CC='gcc'
ac_ct_CXX='g++'
ac_ct_F77=''
am__fastdepCC_FALSE='#'
am__fastdepCC_TRUE=''
am__fastdepCXX_FALSE='#'
am__fastdepCXX_TRUE=''
am__include='include'
am__isrc=''
am__leading_dot='.'
am__quote=''
am__tar='${AMTAR} chof - "$$tardir"'
am__untar='${AMTAR} xf -'
bindir='${exec_prefix}/bin'
build='i686-pc-linux-gnu'
build_alias=''
build_cpu='i686'
build_os='linux-gnu'
build_vendor='pc'
datadir='${datarootdir}'
datarootdir='${prefix}/share'
docdir='${datarootdir}/doc/${PACKAGE_TARNAME}'
dvidir='${docdir}'
exec_prefix='${prefix}'
host='i686-pc-linux-gnu'
host_alias=''
host_cpu='i686'
host_os='linux-gnu'
host_vendor='pc'
htmldir='${docdir}'
includedir='${prefix}/include'
infodir='${datarootdir}/info'
inputdir='${exec_prefix}/lib/xorg/modules/input'
install_sh='$(SHELL) /home/me/wizardpen-0.6.1rc2/install-sh'
libdir='${exec_prefix}/lib'
libexecdir='${exec_prefix}/libexec'
localedir='${datarootdir}/locale'
localstatedir='${prefix}/var'
mandir='${datarootdir}/man'
mkdir_p='/bin/mkdir -p'
oldincludedir='/usr/include'
pdfdir='${docdir}'
prefix='/usr/local'
program_transform_name='s,x,x,'
psdir='${docdir}'
sbindir='${exec_prefix}/sbin'
sharedstatedir='${prefix}/com'
sysconfdir='${prefix}/etc'
target_alias=''

## ----------- ##
## confdefs.h. ##
## ----------- ##

#define PACKAGE_NAME "wizardpen"
#define PACKAGE_TARNAME "xf86-input-wizardpen"
#define PACKAGE_VERSION "1.0.0"
#define PACKAGE_STRING "wizardpen 1.0.0"
#define PACKAGE_BUGREPORT "NULL"
#define PACKAGE "xf86-input-wizardpen"
#define VERSION "1.0.0"
#define STDC_HEADERS 1
#define HAVE_SYS_TYPES_H 1
#define HAVE_SYS_STAT_H 1
#define HAVE_STDLIB_H 1
#define HAVE_STRING_H 1
#define HAVE_MEMORY_H 1
#define HAVE_STRINGS_H 1
#define HAVE_INTTYPES_H 1
#define HAVE_STDINT_H 1
#define HAVE_UNISTD_H 1
#define HAVE_DLFCN_H 1
#define STDC_HEADERS 1
#define LINUX_INPUT 1
#define LINUX_SYSFS 1
#define PACKAGE_VERSION_MAJOR 1
#define PACKAGE_VERSION_MINOR 0
#define PACKAGE_VERSION_PATCHLEVEL 0

configure: exit 0
